# JRE version: Java(TM) SE Runtime Environment (8.0_331-b09) (build 1.8.0_331-b09)
# Java VM: Java HotSpot(TM) 64-Bit Server VM (25.331-b09 mixed mode windows-amd64 compressed oops)
Heap:
 PSYoungGen      total 188416K, used 23810K [0x000000076bd00000, 0x000000077ce80000, 0x00000007c0000000)
  eden space 150016K, 15% used [0x000000076bd00000,0x000000076d440830,0x0000000774f80000)
  from space 38400K, 0% used [0x0000000774f80000,0x0000000774f80000,0x0000000777500000)
  to   space 42496K, 0% used [0x000000077a500000,0x000000077a500000,0x000000077ce80000)
 ParOldGen       total 211968K, used 51273K [0x00000006c3600000, 0x00000006d0500000, 0x000000076bd00000)
  object space 211968K, 24% used [0x00000006c3600000,0x00000006c68124c0,0x00000006d0500000)
 Metaspace       used 34573K, capacity 35282K, committed 35752K, reserved 1081344K
  class space    used 4047K, capacity 4263K, committed 4352K, reserved 1048576K
GC Heap History (10 events):
Event: 12.586 GC heap before
{Heap before GC invocations=7 (full 1):
 PSYoungGen      total 123392K, used 113706K [0x000000076bd00000, 0x0000000774b00000, 0x00000007c0000000)
  eden space 112640K, 91% used [0x000000076bd00000,0x00000007721df8c8,0x0000000772b00000)
  from space 10752K, 96% used [0x0000000773800000,0x000000077422b048,0x0000000774280000)
  to   space 8704K, 0% used [0x0000000774280000,0x0000000774280000,0x0000000774b00000)
 ParOldGen       total 125440K, used 14903K [0x00000006c3600000, 0x00000006cb080000, 0x000000076bd00000)
  object space 125440K, 11% used [0x00000006c3600000,0x00000006c448de58,0x00000006cb080000)
 Metaspace       used 26093K, capacity 26626K, committed 27136K, reserved 1073152K
  class space    used 3079K, capacity 3253K, committed 3328K, reserved 1048576K
Event: 12.604 GC heap after
Heap after GC invocations=7 (full 1):
 PSYoungGen      total 118272K, used 8682K [0x000000076bd00000, 0x0000000778f80000, 0x00000007c0000000)
  eden space 109568K, 0% used [0x000000076bd00000,0x000000076bd00000,0x0000000772800000)
  from space 8704K, 99% used [0x0000000774280000,0x0000000774afa960,0x0000000774b00000)
  to   space 27136K, 0% used [0x0000000772800000,0x0000000772800000,0x0000000774280000)
 ParOldGen       total 125440K, used 37979K [0x00000006c3600000, 0x00000006cb080000, 0x000000076bd00000)
  object space 125440K, 30% used [0x00000006c3600000,0x00000006c5b16c08,0x00000006cb080000)
 Metaspace       used 26093K, capacity 26626K, committed 27136K, reserved 1073152K
  class space    used 3079K, capacity 3253K, committed 3328K, reserved 1048576K
}
Event: 13.889 GC heap before
{Heap before GC invocations=8 (full 1):
 PSYoungGen      total 118272K, used 118250K [0x000000076bd00000, 0x0000000778f80000, 0x00000007c0000000)
  eden space 109568K, 100% used [0x000000076bd00000,0x0000000772800000,0x0000000772800000)
  from space 8704K, 99% used [0x0000000774280000,0x0000000774afa960,0x0000000774b00000)
  to   space 27136K, 0% used [0x0000000772800000,0x0000000772800000,0x0000000774280000)
 ParOldGen       total 125440K, used 37979K [0x00000006c3600000, 0x00000006cb080000, 0x000000076bd00000)
  object space 125440K, 30% used [0x00000006c3600000,0x00000006c5b16c08,0x00000006cb080000)
 Metaspace       used 30942K, capacity 31534K, committed 31872K, reserved 1077248K
  class space    used 3663K, capacity 3845K, committed 3968K, reserved 1048576K
Event: 13.905 GC heap after
Heap after GC invocations=8 (full 1):
 PSYoungGen      total 136704K, used 27121K [0x000000076bd00000, 0x0000000779500000, 0x00000007c0000000)
  eden space 109568K, 0% used [0x000000076bd00000,0x000000076bd00000,0x0000000772800000)
  from space 27136K, 99% used [0x0000000772800000,0x000000077427c6c8,0x0000000774280000)
  to   space 32768K, 0% used [0x0000000777500000,0x0000000777500000,0x0000000779500000)
 ParOldGen       total 125440K, used 39669K [0x00000006c3600000, 0x00000006cb080000, 0x000000076bd00000)
  object space 125440K, 31% used [0x00000006c3600000,0x00000006c5cbd740,0x00000006cb080000)
 Metaspace       used 30942K, capacity 31534K, committed 31872K, reserved 1077248K
  class space    used 3663K, capacity 3845K, committed 3968K, reserved 1048576K
}
Event: 15.180 GC heap before
{Heap before GC invocations=9 (full 1):
 PSYoungGen      total 136704K, used 136689K [0x000000076bd00000, 0x0000000779500000, 0x00000007c0000000)
  eden space 109568K, 100% used [0x000000076bd00000,0x0000000772800000,0x0000000772800000)
  from space 27136K, 99% used [0x0000000772800000,0x000000077427c6c8,0x0000000774280000)
  to   space 32768K, 0% used [0x0000000777500000,0x0000000777500000,0x0000000779500000)
 ParOldGen       total 125440K, used 39669K [0x00000006c3600000, 0x00000006cb080000, 0x000000076bd00000)
  object space 125440K, 31% used [0x00000006c3600000,0x00000006c5cbd740,0x00000006cb080000)
 Metaspace       used 33241K, capacity 34034K, committed 34432K, reserved 1079296K
  class space    used 3911K, capacity 4167K, committed 4224K, reserved 1048576K
Event: 15.202 GC heap after
Heap after GC invocations=9 (full 1):
 PSYoungGen      total 182784K, used 32765K [0x000000076bd00000, 0x000000077a080000, 0x00000007c0000000)
  eden space 150016K, 0% used [0x000000076bd00000,0x000000076bd00000,0x0000000774f80000)
  from space 32768K, 99% used [0x0000000777500000,0x00000007794ff710,0x0000000779500000)
  to   space 38400K, 0% used [0x0000000774f80000,0x0000000774f80000,0x0000000777500000)
 ParOldGen       total 125440K, used 41000K [0x00000006c3600000, 0x00000006cb080000, 0x000000076bd00000)
  object space 125440K, 32% used [0x00000006c3600000,0x00000006c5e0a3d8,0x00000006cb080000)
 Metaspace       used 33241K, capacity 34034K, committed 34432K, reserved 1079296K
  class space    used 3911K, capacity 4167K, committed 4224K, reserved 1048576K
}
Event: 15.764 GC heap before
{Heap before GC invocations=10 (full 1):
 PSYoungGen      total 182784K, used 80210K [0x000000076bd00000, 0x000000077a080000, 0x00000007c0000000)
  eden space 150016K, 31% used [0x000000076bd00000,0x000000076eb55218,0x0000000774f80000)
  from space 32768K, 99% used [0x0000000777500000,0x00000007794ff710,0x0000000779500000)
  to   space 38400K, 0% used [0x0000000774f80000,0x0000000774f80000,0x0000000777500000)
 ParOldGen       total 125440K, used 41000K [0x00000006c3600000, 0x00000006cb080000, 0x000000076bd00000)
  object space 125440K, 32% used [0x00000006c3600000,0x00000006c5e0a3d8,0x00000006cb080000)
 Metaspace       used 34450K, capacity 35154K, committed 35496K, reserved 1081344K
  class space    used 4045K, capacity 4263K, committed 4352K, reserved 1048576K
Event: 15.786 GC heap after
Heap after GC invocations=10 (full 1):
 PSYoungGen      total 188416K, used 33196K [0x000000076bd00000, 0x000000077ce80000, 0x00000007c0000000)
  eden space 150016K, 0% used [0x000000076bd00000,0x000000076bd00000,0x0000000774f80000)
  from space 38400K, 86% used [0x0000000774f80000,0x0000000776feb390,0x0000000777500000)
  to   space 42496K, 0% used [0x000000077a500000,0x000000077a500000,0x000000077ce80000)
 ParOldGen       total 125440K, used 45580K [0x00000006c3600000, 0x00000006cb080000, 0x000000076bd00000)
  object space 125440K, 36% used [0x00000006c3600000,0x00000006c6283078,0x00000006cb080000)
 Metaspace       used 34450K, capacity 35154K, committed 35496K, reserved 1081344K
  class space    used 4045K, capacity 4263K, committed 4352K, reserved 1048576K
}
Event: 15.786 GC heap before
{Heap before GC invocations=11 (full 2):
 PSYoungGen      total 188416K, used 33196K [0x000000076bd00000, 0x000000077ce80000, 0x00000007c0000000)
  eden space 150016K, 0% used [0x000000076bd00000,0x000000076bd00000,0x0000000774f80000)
  from space 38400K, 86% used [0x0000000774f80000,0x0000000776feb390,0x0000000777500000)
  to   space 42496K, 0% used [0x000000077a500000,0x000000077a500000,0x000000077ce80000)
 ParOldGen       total 125440K, used 45580K [0x00000006c3600000, 0x00000006cb080000, 0x000000076bd00000)
  object space 125440K, 36% used [0x00000006c3600000,0x00000006c6283078,0x00000006cb080000)
 Metaspace       used 34450K, capacity 35154K, committed 35496K, reserved 1081344K
  class space    used 4045K, capacity 4263K, committed 4352K, reserved 1048576K
Event: 15.863 GC heap after
Heap after GC invocations=11 (full 2):
 PSYoungGen      total 188416K, used 0K [0x000000076bd00000, 0x000000077ce80000, 0x00000007c0000000)
  eden space 150016K, 0% used [0x000000076bd00000,0x000000076bd00000,0x0000000774f80000)
  from space 38400K, 0% used [0x0000000774f80000,0x0000000774f80000,0x0000000777500000)
  to   space 42496K, 0% used [0x000000077a500000,0x000000077a500000,0x000000077ce80000)
 ParOldGen       total 211968K, used 51273K [0x00000006c3600000, 0x00000006d0500000, 0x000000076bd00000)
  object space 211968K, 24% used [0x00000006c3600000,0x00000006c68124c0,0x00000006d0500000)
 Metaspace       used 34450K, capacity 35154K, committed 35496K, reserved 1081344K
  class space    used 4045K, capacity 4263K, committed 4352K, reserved 1048576K
}

